2013/11/04 20:00:58 [error] [exception.CDbException] exception 'CDbException' with message 'CDbConnection failed to open the DB connection: SQLSTATE[HY000] [14] unable to open database file' in D:\www\Yii\framework\db\CDbConnection.php:381
Stack trace:
#0 D:\www\Yii\framework\db\CDbConnection.php(330): CDbConnection->open()
#1 D:\www\Yii\framework\db\CDbConnection.php(308): CDbConnection->setActive(true)
#2 D:\www\Yii\framework\base\CModule.php(387): CDbConnection->init()
#3 D:\www\Yii\framework\base\CModule.php(103): CModule->getComponent('db')
#4 D:\www\Yii\framework\gii\generators\model\ModelCode.php(57): CModule->__get('db')
#5 D:\www\Yii\framework\web\CFormModel.php(39): ModelCode->init()
#6 D:\www\Yii\framework\gii\CCodeGenerator.php(153): CFormModel->__construct()
#7 D:\www\Yii\framework\gii\CCodeGenerator.php(63): CCodeGenerator->prepare()
#8 D:\www\Yii\framework\web\actions\CInlineAction.php(49): CCodeGenerator->actionIndex()
#9 D:\www\Yii\framework\web\CController.php(308): CInlineAction->runWithParams(Array)
#10 D:\www\Yii\framework\web\CController.php(286): CController->runAction(Object(CInlineAction))
#11 D:\www\Yii\framework\web\CController.php(265): CController->runActionWithFilters(Object(CInlineAction), Array)
#12 D:\www\Yii\framework\web\CWebApplication.php(282): CController->run('')
#13 D:\www\Yii\framework\web\CWebApplication.php(141): CWebApplication->runController('gii/model')
#14 D:\www\Yii\framework\base\CApplication.php(169): CWebApplication->processRequest()
#15 D:\www\Yii\htdocs\backend.php(13): CApplication->run()
#16 {main}
REQUEST_URI=/backend.php/gii/model
HTTP_REFERER=http://yii.localhost/backend.php/gii/default/index
---
2013/11/04 20:34:44 [error] [exception.CHttpException.404] exception 'CHttpException' with message 'Unable to resolve the request "login".' in D:\www\antena\framework\web\CWebApplication.php:286
Stack trace:
#0 D:\www\antena\framework\web\CWebApplication.php(141): CWebApplication->runController('')
#1 D:\www\antena\framework\base\CApplication.php(169): CWebApplication->processRequest()
#2 D:\www\antena\htdocs\backend.php(13): CApplication->run()
#3 {main}
REQUEST_URI=/backend.php
---
2013/11/04 20:40:26 [error] [system.db.CDbCommand] CDbCommand::fetchAll() failed: SQLSTATE[42S02]: Base table or view not found: 1146 Table 'antena.test' doesn't exist. The SQL statement executed was: SHOW FULL COLUMNS FROM `test`.
in D:\www\antena\htdocs\backend.php (13)
